
> api-docs@0.0.0 build
> next build

   ▲ Next.js 15.4.4
   - Environments: .env

   Creating an optimized production build ...
[MDX] updated map file in 10.833416999999997ms
 ✓ Compiled successfully in 3.0s
   Linting and checking validity of types ...

./src/app/layout.config.tsx
1:8  Warning: 'ClientNav' is defined but never used.  @typescript-eslint/no-unused-vars

./src/app/layout.tsx
9:10  Warning: 'Banner' is defined but never used.  @typescript-eslint/no-unused-vars
10:8  Warning: 'Link' is defined but never used.  @typescript-eslint/no-unused-vars
39:37  Warning: 'node' is defined but never used.  @typescript-eslint/no-unused-vars

./src/lib/source.tsx
4:10  Warning: 'DynamicCodeBlock' is defined but never used.  @typescript-eslint/no-unused-vars
5:8  Warning: 'myDark' is defined but never used.  @typescript-eslint/no-unused-vars

./src/mdx-components.tsx
5:8  Warning: 'myDark' is defined but never used.  @typescript-eslint/no-unused-vars

info  - Need to disable some ESLint rules? Learn more here: https://nextjs.org/docs/app/api-reference/config/eslint#disabling-rules
   Collecting page data ...
   Generating static pages (0/15) ...
   Generating static pages (3/15) 
   Generating static pages (7/15) 
   Generating static pages (11/15) 
 ✓ Generating static pages (15/15)
   Finalizing page optimization ...
   Collecting build traces ...

Route (app)                                 Size  First Load JS
┌ ○ /_not-found                            998 B         106 kB
├ ● /[[...slug]]                         26.5 kB         166 kB
├   ├ /
├   ├ /cpt/overview
├   ├ /diagnosis/diagnose
├   └ [+8 more paths]
└ ƒ /api/search                            128 B         105 kB
+ First Load JS shared by all             105 kB
  ├ chunks/4bd1b696-cc729d47eba2cee4.js  54.1 kB
  ├ chunks/5964-4f12b6422f73cb12.js      43.9 kB
  └ other shared chunks (total)          6.89 kB


○  (Static)   prerendered as static content
●  (SSG)      prerendered as static HTML (uses generateStaticParams)
ƒ  (Dynamic)  server-rendered on demand

